# JRE version: OpenJDK Runtime Environment (17.0.10) (build 17.0.10+0--11446219)
# Java VM: OpenJDK 64-Bit Server VM (17.0.10+0--11446219, mixed mode, tiered, compressed oops, compressed class ptrs, g1 gc, windows-amd64)
GC Precious Log:
 CPUs: 8 total, 8 available
 Memory: 7985M
 Large Page Support: Disabled
 NUMA Support: Disabled
 Compressed Oops: Enabled (32-bit)
 Heap Region Size: 1M
 Heap Min Capacity: 8M
 Heap Initial Capacity: 126M
 Heap Max Capacity: 2G
 Pre-touch: Disabled
 Parallel Workers: 8
 Concurrent Workers: 2
 Concurrent Refinement Workers: 8
 Periodic GC: Disabled
Heap:
 garbage-first heap   total 406528K, used 133803K [0x0000000080000000, 0x0000000100000000)
  region size 1024K, 26 young (26624K), 21 survivors (21504K)
 Metaspace       used 116256K, committed 117056K, reserved 1179648K
  class space    used 15494K, committed 15872K, reserved 1048576K
GC Heap History (20 events):
Event: 78.178 GC heap before
{Heap before GC invocations=27 (full 0):
 garbage-first heap   total 169984K, used 132688K [0x0000000080000000, 0x0000000100000000)
  region size 1024K, 52 young (53248K), 1 survivors (1024K)
 Metaspace       used 78374K, committed 79104K, reserved 1179648K
  class space    used 10458K, committed 10752K, reserved 1048576K
}
Event: 78.186 GC heap after
{Heap after GC invocations=28 (full 0):
 garbage-first heap   total 169984K, used 82648K [0x0000000080000000, 0x0000000100000000)
  region size 1024K, 3 young (3072K), 3 survivors (3072K)
 Metaspace       used 78374K, committed 79104K, reserved 1179648K
  class space    used 10458K, committed 10752K, reserved 1048576K
}
Event: 79.314 GC heap before
{Heap before GC invocations=29 (full 0):
 garbage-first heap   total 171008K, used 139992K [0x0000000080000000, 0x0000000100000000)
  region size 1024K, 54 young (55296K), 3 survivors (3072K)
 Metaspace       used 81388K, committed 82112K, reserved 1179648K
  class space    used 10888K, committed 11200K, reserved 1048576K
}
Event: 79.323 GC heap after
{Heap after GC invocations=30 (full 0):
 garbage-first heap   total 171008K, used 86309K [0x0000000080000000, 0x0000000100000000)
  region size 1024K, 7 young (7168K), 7 survivors (7168K)
 Metaspace       used 81388K, committed 82112K, reserved 1179648K
  class space    used 10888K, committed 11200K, reserved 1048576K
}
Event: 79.341 GC heap before
{Heap before GC invocations=30 (full 0):
 garbage-first heap   total 171008K, used 86309K [0x0000000080000000, 0x0000000100000000)
  region size 1024K, 8 young (8192K), 7 survivors (7168K)
 Metaspace       used 81470K, committed 82176K, reserved 1179648K
  class space    used 10899K, committed 11200K, reserved 1048576K
}
Event: 79.359 GC heap after
{Heap after GC invocations=31 (full 0):
 garbage-first heap   total 171008K, used 87233K [0x0000000080000000, 0x0000000100000000)
  region size 1024K, 1 young (1024K), 1 survivors (1024K)
 Metaspace       used 81470K, committed 82176K, reserved 1179648K
  class space    used 10899K, committed 11200K, reserved 1048576K
}
Event: 80.180 GC heap before
{Heap before GC invocations=31 (full 0):
 garbage-first heap   total 171008K, used 137409K [0x0000000080000000, 0x0000000100000000)
  region size 1024K, 50 young (51200K), 1 survivors (1024K)
 Metaspace       used 82862K, committed 83584K, reserved 1179648K
  class space    used 11081K, committed 11392K, reserved 1048576K
}
Event: 80.185 GC heap after
{Heap after GC invocations=32 (full 0):
 garbage-first heap   total 171008K, used 89873K [0x0000000080000000, 0x0000000100000000)
  region size 1024K, 4 young (4096K), 4 survivors (4096K)
 Metaspace       used 82862K, committed 83584K, reserved 1179648K
  class space    used 11081K, committed 11392K, reserved 1048576K
}
Event: 81.231 GC heap before
{Heap before GC invocations=32 (full 0):
 garbage-first heap   total 171008K, used 140049K [0x0000000080000000, 0x0000000100000000)
  region size 1024K, 52 young (53248K), 4 survivors (4096K)
 Metaspace       used 86655K, committed 87360K, reserved 1179648K
  class space    used 11667K, committed 11968K, reserved 1048576K
}
Event: 81.236 GC heap after
{Heap after GC invocations=33 (full 0):
 garbage-first heap   total 171008K, used 91329K [0x0000000080000000, 0x0000000100000000)
  region size 1024K, 5 young (5120K), 5 survivors (5120K)
 Metaspace       used 86655K, committed 87360K, reserved 1179648K
  class space    used 11667K, committed 11968K, reserved 1048576K
}
Event: 82.352 GC heap before
{Heap before GC invocations=33 (full 0):
 garbage-first heap   total 171008K, used 139457K [0x0000000080000000, 0x0000000100000000)
  region size 1024K, 53 young (54272K), 5 survivors (5120K)
 Metaspace       used 90409K, committed 91136K, reserved 1179648K
  class space    used 12320K, committed 12672K, reserved 1048576K
}
Event: 82.372 GC heap after
{Heap after GC invocations=34 (full 0):
 garbage-first heap   total 171008K, used 94019K [0x0000000080000000, 0x0000000100000000)
  region size 1024K, 5 young (5120K), 5 survivors (5120K)
 Metaspace       used 90409K, committed 91136K, reserved 1179648K
  class space    used 12320K, committed 12672K, reserved 1048576K
}
Event: 82.957 GC heap before
{Heap before GC invocations=34 (full 0):
 garbage-first heap   total 171008K, used 123715K [0x0000000080000000, 0x0000000100000000)
  region size 1024K, 31 young (31744K), 5 survivors (5120K)
 Metaspace       used 93251K, committed 93888K, reserved 1179648K
  class space    used 12567K, committed 12864K, reserved 1048576K
}
Event: 82.967 GC heap after
{Heap after GC invocations=35 (full 0):
 garbage-first heap   total 171008K, used 97543K [0x0000000080000000, 0x0000000100000000)
  region size 1024K, 6 young (6144K), 6 survivors (6144K)
 Metaspace       used 93251K, committed 93888K, reserved 1179648K
  class space    used 12567K, committed 12864K, reserved 1048576K
}
Event: 83.256 GC heap before
{Heap before GC invocations=35 (full 0):
 garbage-first heap   total 171008K, used 106759K [0x0000000080000000, 0x0000000100000000)
  region size 1024K, 9 young (9216K), 6 survivors (6144K)
 Metaspace       used 93251K, committed 93888K, reserved 1179648K
  class space    used 12567K, committed 12864K, reserved 1048576K
}
Event: 83.267 GC heap after
{Heap after GC invocations=36 (full 0):
 garbage-first heap   total 406528K, used 108059K [0x0000000080000000, 0x0000000100000000)
  region size 1024K, 3 young (3072K), 3 survivors (3072K)
 Metaspace       used 93251K, committed 93888K, reserved 1179648K
  class space    used 12567K, committed 12864K, reserved 1048576K
}
Event: 88.286 GC heap before
{Heap before GC invocations=36 (full 0):
 garbage-first heap   total 406528K, used 261659K [0x0000000080000000, 0x0000000100000000)
  region size 1024K, 149 young (152576K), 3 survivors (3072K)
 Metaspace       used 108611K, committed 109440K, reserved 1179648K
  class space    used 14725K, committed 15104K, reserved 1048576K
}
Event: 88.298 GC heap after
{Heap after GC invocations=37 (full 0):
 garbage-first heap   total 406528K, used 119333K [0x0000000080000000, 0x0000000100000000)
  region size 1024K, 11 young (11264K), 11 survivors (11264K)
 Metaspace       used 108611K, committed 109440K, reserved 1179648K
  class space    used 14725K, committed 15104K, reserved 1048576K
}
Event: 114.567 GC heap before
{Heap before GC invocations=37 (full 0):
 garbage-first heap   total 406528K, used 278053K [0x0000000080000000, 0x0000000100000000)
  region size 1024K, 167 young (171008K), 11 survivors (11264K)
 Metaspace       used 116231K, committed 117056K, reserved 1179648K
  class space    used 15494K, committed 15872K, reserved 1048576K
}
Event: 114.696 GC heap after
{Heap after GC invocations=38 (full 0):
 garbage-first heap   total 406528K, used 129707K [0x0000000080000000, 0x0000000100000000)
  region size 1024K, 21 young (21504K), 21 survivors (21504K)
 Metaspace       used 116231K, committed 117056K, reserved 1179648K
  class space    used 15494K, committed 15872K, reserved 1048576K
}

