# JRE version: OpenJDK Runtime Environment (17.0.10) (build 17.0.10+0--11446219)
# Java VM: OpenJDK 64-Bit Server VM (17.0.10+0--11446219, mixed mode, tiered, compressed oops, compressed class ptrs, g1 gc, windows-amd64)
GC Precious Log:
 CPUs: 8 total, 8 available
 Memory: 7985M
 Large Page Support: Disabled
 NUMA Support: Disabled
 Compressed Oops: Enabled (32-bit)
 Heap Region Size: 1M
 Heap Min Capacity: 8M
 Heap Initial Capacity: 126M
 Heap Max Capacity: 2G
 Pre-touch: Disabled
 Parallel Workers: 8
 Concurrent Workers: 2
 Concurrent Refinement Workers: 8
 Periodic GC: Disabled
Heap:
 garbage-first heap   total 198656K, used 121112K [0x0000000080000000, 0x0000000100000000)
  region size 1024K, 4 young (4096K), 4 survivors (4096K)
 Metaspace       used 103400K, committed 104128K, reserved 1179648K
  class space    used 13887K, committed 14208K, reserved 1048576K
GC Heap History (20 events):
Event: 29.095 GC heap after
{Heap after GC invocations=52 (full 0):
 garbage-first heap   total 183296K, used 85808K [0x0000000080000000, 0x0000000100000000)
  region size 1024K, 1 young (1024K), 1 survivors (1024K)
 Metaspace       used 77572K, committed 78208K, reserved 1179648K
  class space    used 10527K, committed 10816K, reserved 1048576K
}
Event: 29.855 GC heap before
{Heap before GC invocations=52 (full 0):
 garbage-first heap   total 183296K, used 128816K [0x0000000080000000, 0x0000000100000000)
  region size 1024K, 45 young (46080K), 1 survivors (1024K)
 Metaspace       used 80737K, committed 81344K, reserved 1179648K
  class space    used 10943K, committed 11200K, reserved 1048576K
}
Event: 29.860 GC heap after
{Heap after GC invocations=53 (full 0):
 garbage-first heap   total 183296K, used 90248K [0x0000000080000000, 0x0000000100000000)
  region size 1024K, 5 young (5120K), 5 survivors (5120K)
 Metaspace       used 80737K, committed 81344K, reserved 1179648K
  class space    used 10943K, committed 11200K, reserved 1048576K
}
Event: 31.650 GC heap before
{Heap before GC invocations=54 (full 0):
 garbage-first heap   total 183296K, used 160904K [0x0000000080000000, 0x0000000100000000)
  region size 1024K, 58 young (59392K), 5 survivors (5120K)
 Metaspace       used 85940K, committed 86656K, reserved 1179648K
  class space    used 11633K, committed 11968K, reserved 1048576K
}
Event: 31.660 GC heap after
{Heap after GC invocations=55 (full 0):
 garbage-first heap   total 183296K, used 108252K [0x0000000080000000, 0x0000000100000000)
  region size 1024K, 8 young (8192K), 8 survivors (8192K)
 Metaspace       used 85940K, committed 86656K, reserved 1179648K
  class space    used 11633K, committed 11968K, reserved 1048576K
}
Event: 31.664 GC heap before
{Heap before GC invocations=55 (full 0):
 garbage-first heap   total 183296K, used 109276K [0x0000000080000000, 0x0000000100000000)
  region size 1024K, 9 young (9216K), 8 survivors (8192K)
 Metaspace       used 85980K, committed 86656K, reserved 1179648K
  class space    used 11639K, committed 11968K, reserved 1048576K
}
Event: 31.669 GC heap after
{Heap after GC invocations=56 (full 0):
 garbage-first heap   total 183296K, used 107721K [0x0000000080000000, 0x0000000100000000)
  region size 1024K, 1 young (1024K), 1 survivors (1024K)
 Metaspace       used 85980K, committed 86656K, reserved 1179648K
  class space    used 11639K, committed 11968K, reserved 1048576K
}
Event: 32.683 GC heap before
{Heap before GC invocations=56 (full 0):
 garbage-first heap   total 183296K, used 146633K [0x0000000080000000, 0x0000000100000000)
  region size 1024K, 40 young (40960K), 1 survivors (1024K)
 Metaspace       used 89746K, committed 90496K, reserved 1179648K
  class space    used 12139K, committed 12480K, reserved 1048576K
}
Event: 32.687 GC heap after
{Heap after GC invocations=57 (full 0):
 garbage-first heap   total 183296K, used 109713K [0x0000000080000000, 0x0000000100000000)
  region size 1024K, 3 young (3072K), 3 survivors (3072K)
 Metaspace       used 89746K, committed 90496K, reserved 1179648K
  class space    used 12139K, committed 12480K, reserved 1048576K
}
Event: 33.573 GC heap before
{Heap before GC invocations=58 (full 0):
 garbage-first heap   total 194560K, used 151697K [0x0000000080000000, 0x0000000100000000)
  region size 1024K, 42 young (43008K), 3 survivors (3072K)
 Metaspace       used 94450K, committed 95168K, reserved 1179648K
  class space    used 12759K, committed 13120K, reserved 1048576K
}
Event: 33.579 GC heap after
{Heap after GC invocations=59 (full 0):
 garbage-first heap   total 194560K, used 111097K [0x0000000080000000, 0x0000000100000000)
  region size 1024K, 4 young (4096K), 4 survivors (4096K)
 Metaspace       used 94450K, committed 95168K, reserved 1179648K
  class space    used 12759K, committed 13120K, reserved 1048576K
}
Event: 33.744 GC heap before
{Heap before GC invocations=59 (full 0):
 garbage-first heap   total 194560K, used 115193K [0x0000000080000000, 0x0000000100000000)
  region size 1024K, 9 young (9216K), 4 survivors (4096K)
 Metaspace       used 95792K, committed 96512K, reserved 1179648K
  class space    used 12908K, committed 13248K, reserved 1048576K
}
Event: 33.749 GC heap after
{Heap after GC invocations=60 (full 0):
 garbage-first heap   total 194560K, used 111127K [0x0000000080000000, 0x0000000100000000)
  region size 1024K, 1 young (1024K), 1 survivors (1024K)
 Metaspace       used 95792K, committed 96512K, reserved 1179648K
  class space    used 12908K, committed 13248K, reserved 1048576K
}
Event: 35.201 GC heap before
{Heap before GC invocations=60 (full 0):
 garbage-first heap   total 194560K, used 160279K [0x0000000080000000, 0x0000000100000000)
  region size 1024K, 49 young (50176K), 1 survivors (1024K)
 Metaspace       used 100402K, committed 101056K, reserved 1179648K
  class space    used 13534K, committed 13824K, reserved 1048576K
}
Event: 35.207 GC heap after
{Heap after GC invocations=61 (full 0):
 garbage-first heap   total 194560K, used 113854K [0x0000000080000000, 0x0000000100000000)
  region size 1024K, 4 young (4096K), 4 survivors (4096K)
 Metaspace       used 100402K, committed 101056K, reserved 1179648K
  class space    used 13534K, committed 13824K, reserved 1048576K
}
Event: 36.186 GC heap before
{Heap before GC invocations=62 (full 0):
 garbage-first heap   total 198656K, used 159934K [0x0000000080000000, 0x0000000100000000)
  region size 1024K, 50 young (51200K), 4 survivors (4096K)
 Metaspace       used 101292K, committed 102016K, reserved 1179648K
  class space    used 13630K, committed 13952K, reserved 1048576K
}
Event: 36.195 GC heap after
{Heap after GC invocations=63 (full 0):
 garbage-first heap   total 198656K, used 117645K [0x0000000080000000, 0x0000000100000000)
  region size 1024K, 7 young (7168K), 7 survivors (7168K)
 Metaspace       used 101292K, committed 102016K, reserved 1179648K
  class space    used 13630K, committed 13952K, reserved 1048576K
}
Event: 36.240 GC heap before
{Heap before GC invocations=63 (full 0):
 garbage-first heap   total 198656K, used 119693K [0x0000000080000000, 0x0000000100000000)
  region size 1024K, 9 young (9216K), 7 survivors (7168K)
 Metaspace       used 101405K, committed 102080K, reserved 1179648K
  class space    used 13652K, committed 13952K, reserved 1048576K
}
Event: 36.248 GC heap after
{Heap after GC invocations=64 (full 0):
 garbage-first heap   total 198656K, used 118356K [0x0000000080000000, 0x0000000100000000)
  region size 1024K, 2 young (2048K), 2 survivors (2048K)
 Metaspace       used 101405K, committed 102080K, reserved 1179648K
  class space    used 13652K, committed 13952K, reserved 1048576K
}
Event: 37.103 GC heap before
{Heap before GC invocations=64 (full 0):
 garbage-first heap   total 198656K, used 164436K [0x0000000080000000, 0x0000000100000000)
  region size 1024K, 47 young (48128K), 2 survivors (2048K)
 Metaspace       used 103400K, committed 104128K, reserved 1179648K
  class space    used 13887K, committed 14208K, reserved 1048576K
}

